2022-08-17_17-42-27 [restartedMain] INFO  c.p.d.PensionerDetailServiceApplication - Starting PensionerDetailServiceApplication using Java 12.0.1 on DESKTOP-LDBLESK with PID 14448 (F:\CTS-Training\FSE0 JAVA\896965-Pension-Management-System\pensioner-detail-service\target\classes started by Lenovo in F:\CTS-Training\FSE0 JAVA\896965-Pension-Management-System\pensioner-detail-service)
2022-08-17_17-42-27 [restartedMain] INFO  c.p.d.PensionerDetailServiceApplication - No active profile set, falling back to default profiles: default
2022-08-17_17-42-27 [restartedMain] INFO  o.s.b.d.e.DevToolsPropertyDefaultsPostProcessor - Devtools property defaults active! Set 'spring.devtools.add-properties' to 'false' to disable
2022-08-17_17-42-27 [restartedMain] INFO  o.s.b.d.e.DevToolsPropertyDefaultsPostProcessor - For additional web related logging consider setting the 'logging.level.web' property to 'DEBUG'
2022-08-17_17-42-27 [restartedMain] INFO  o.s.d.r.c.RepositoryConfigurationDelegate - Bootstrapping Spring Data JPA repositories in DEFAULT mode.
2022-08-17_17-42-27 [restartedMain] INFO  o.s.d.r.c.RepositoryConfigurationDelegate - Finished Spring Data repository scanning in 13 ms. Found 0 JPA repository interfaces.
2022-08-17_17-42-27 [restartedMain] INFO  o.s.cloud.context.scope.GenericScope - BeanFactory id=1528ff07-f11f-30e2-8ea8-9f3a7b5e2ac4
2022-08-17_17-42-27 [restartedMain] INFO  o.s.b.w.e.tomcat.TomcatWebServer - Tomcat initialized with port(s): 8200 (http)
2022-08-17_17-42-27 [restartedMain] INFO  o.a.coyote.http11.Http11NioProtocol - Initializing ProtocolHandler ["http-nio-8200"]
2022-08-17_17-42-27 [restartedMain] INFO  o.a.catalina.core.StandardService - Starting service [Tomcat]
2022-08-17_17-42-27 [restartedMain] INFO  o.a.catalina.core.StandardEngine - Starting Servlet engine: [Apache Tomcat/9.0.56]
2022-08-17_17-42-27 [restartedMain] INFO  o.a.c.c.C.[.[localhost].[/pensioner] - Initializing Spring embedded WebApplicationContext
2022-08-17_17-42-27 [restartedMain] INFO  o.s.b.w.s.c.ServletWebServerApplicationContext - Root WebApplicationContext: initialization completed in 3918 ms
2022-08-17_17-42-27 [restartedMain] INFO  com.zaxxer.hikari.HikariDataSource - HikariPool-1 - Starting...
2022-08-17_17-42-27 [restartedMain] INFO  com.zaxxer.hikari.HikariDataSource - HikariPool-1 - Start completed.
2022-08-17_17-42-27 [restartedMain] INFO  o.s.b.a.h.H2ConsoleAutoConfiguration - H2 console available at '/db'. Database available at 'jdbc:h2:mem:0943bafa-d752-4192-b83d-4a15183c25dd'
2022-08-17_17-42-27 [restartedMain] INFO  o.h.jpa.internal.util.LogHelper - HHH000204: Processing PersistenceUnitInfo [name: default]
2022-08-17_17-42-27 [restartedMain] INFO  org.hibernate.Version - HHH000412: Hibernate ORM core version 5.6.3.Final
2022-08-17_17-42-27 [restartedMain] INFO  o.h.annotations.common.Version - HCANN000001: Hibernate Commons Annotations {5.1.2.Final}
2022-08-17_17-42-27 [restartedMain] INFO  org.hibernate.dialect.Dialect - HHH000400: Using dialect: org.hibernate.dialect.H2Dialect
2022-08-17_17-42-27 [restartedMain] INFO  o.h.e.t.j.p.i.JtaPlatformInitiator - HHH000490: Using JtaPlatform implementation: [org.hibernate.engine.transaction.jta.platform.internal.NoJtaPlatform]
2022-08-17_17-42-27 [restartedMain] INFO  o.s.o.j.LocalContainerEntityManagerFactoryBean - Initialized JPA EntityManagerFactory for persistence unit 'default'
2022-08-17_17-42-27 [restartedMain] INFO  o.a.coyote.http11.Http11NioProtocol - Starting ProtocolHandler ["http-nio-8200"]
2022-08-17_17-42-27 [restartedMain] INFO  o.s.b.w.e.tomcat.TomcatWebServer - Tomcat started on port(s): 8200 (http) with context path '/pensioner'
2022-08-17_17-42-27 [restartedMain] INFO  c.p.d.PensionerDetailServiceApplication - Started PensionerDetailServiceApplication in 10.213 seconds (JVM running for 11.23)
2022-08-17_17-42-27 [http-nio-8200-exec-7] INFO  o.a.c.c.C.[.[localhost].[/pensioner] - Initializing Spring DispatcherServlet 'dispatcherServlet'
2022-08-17_17-42-27 [http-nio-8200-exec-7] INFO  o.s.web.servlet.DispatcherServlet - Initializing Servlet 'dispatcherServlet'
2022-08-17_17-42-27 [http-nio-8200-exec-7] INFO  o.s.web.servlet.DispatcherServlet - Completed initialization in 4 ms
2022-08-17_17-42-27 [http-nio-8200-exec-8] INFO  c.p.d.c.PensionerDetailController - Token valid :true
2022-08-17_17-42-27 [http-nio-8200-exec-10] INFO  c.p.d.c.PensionerDetailController - Token valid :true
2022-08-17_17-42-27 [http-nio-8200-exec-1] INFO  c.p.d.c.PensionerDetailController - Token valid :true
2022-08-17_17-42-27 [http-nio-8200-exec-2] INFO  c.p.d.c.PensionerDetailController - Token valid :true
2022-08-17_17-42-27 [http-nio-8200-exec-4] INFO  c.p.d.c.PensionerDetailController - Token valid :true
2022-08-17_17-42-27 [http-nio-8200-exec-5] INFO  c.p.d.c.PensionerDetailController - Token valid :true
2022-08-17_17-42-27 [http-nio-8200-exec-7] INFO  c.p.d.c.PensionerDetailController - Token valid :true
2022-08-17_17-42-27 [http-nio-8200-exec-8] INFO  c.p.d.c.PensionerDetailController - Token valid :true
2022-08-17_17-42-27 [http-nio-8200-exec-9] INFO  c.p.d.c.PensionerDetailController - Token valid :true
2022-08-17_17-42-27 [http-nio-8200-exec-10] INFO  c.p.d.c.PensionerDetailController - Token valid :true
2022-08-17_17-42-27 [http-nio-8200-exec-2] INFO  c.p.d.c.PensionerDetailController - Token valid :true
