2022-08-17_17-43-08 [restartedMain] INFO  c.p.p.ProcessPensionServiceApplication - Starting ProcessPensionServiceApplication using Java 12.0.1 on DESKTOP-LDBLESK with PID 15172 (F:\CTS-Training\FSE0 JAVA\896965-Pension-Management-System\process-pension-service\target\classes started by Lenovo in F:\CTS-Training\FSE0 JAVA\896965-Pension-Management-System\process-pension-service)
2022-08-17_17-43-08 [restartedMain] INFO  c.p.p.ProcessPensionServiceApplication - No active profile set, falling back to default profiles: default
2022-08-17_17-43-08 [restartedMain] INFO  o.s.b.d.e.DevToolsPropertyDefaultsPostProcessor - Devtools property defaults active! Set 'spring.devtools.add-properties' to 'false' to disable
2022-08-17_17-43-08 [restartedMain] INFO  o.s.b.d.e.DevToolsPropertyDefaultsPostProcessor - For additional web related logging consider setting the 'logging.level.web' property to 'DEBUG'
2022-08-17_17-43-08 [restartedMain] INFO  o.s.cloud.context.scope.GenericScope - BeanFactory id=5e300e4a-c0a6-3776-845b-d5f5b6520e87
2022-08-17_17-43-08 [restartedMain] INFO  o.s.b.w.e.tomcat.TomcatWebServer - Tomcat initialized with port(s): 8100 (http)
2022-08-17_17-43-08 [restartedMain] INFO  o.a.coyote.http11.Http11NioProtocol - Initializing ProtocolHandler ["http-nio-8100"]
2022-08-17_17-43-08 [restartedMain] INFO  o.a.catalina.core.StandardService - Starting service [Tomcat]
2022-08-17_17-43-08 [restartedMain] INFO  o.a.catalina.core.StandardEngine - Starting Servlet engine: [Apache Tomcat/9.0.56]
2022-08-17_17-43-08 [restartedMain] INFO  o.a.c.c.C.[.[localhost].[/process] - Initializing Spring embedded WebApplicationContext
2022-08-17_17-43-08 [restartedMain] INFO  o.s.b.w.s.c.ServletWebServerApplicationContext - Root WebApplicationContext: initialization completed in 3648 ms
2022-08-17_17-43-08 [restartedMain] INFO  o.a.coyote.http11.Http11NioProtocol - Starting ProtocolHandler ["http-nio-8100"]
2022-08-17_17-43-08 [restartedMain] INFO  o.s.b.w.e.tomcat.TomcatWebServer - Tomcat started on port(s): 8100 (http) with context path '/process'
2022-08-17_17-43-08 [restartedMain] INFO  c.p.p.ProcessPensionServiceApplication - Started ProcessPensionServiceApplication in 8.433 seconds (JVM running for 9.695)
2022-08-17_17-43-08 [http-nio-8100-exec-1] INFO  o.a.c.c.C.[.[localhost].[/process] - Initializing Spring DispatcherServlet 'dispatcherServlet'
2022-08-17_17-43-08 [http-nio-8100-exec-1] INFO  o.s.web.servlet.DispatcherServlet - Initializing Servlet 'dispatcherServlet'
2022-08-17_17-43-08 [http-nio-8100-exec-1] INFO  o.s.web.servlet.DispatcherServlet - Completed initialization in 3 ms
2022-08-17_17-43-08 [http-nio-8100-exec-2] INFO  c.p.p.c.ProcessPensionController - Token valid :true
2022-08-17_17-43-08 [http-nio-8100-exec-3] INFO  c.p.p.c.ProcessPensionController - Token valid :true
2022-08-17_17-43-08 [http-nio-8100-exec-4] INFO  c.p.p.c.ProcessPensionController - Token valid :true
2022-08-17_17-43-08 [http-nio-8100-exec-5] INFO  c.p.p.c.ProcessPensionController - Token valid :true
